28/09/2019 18:53:15- -------------------------Iniciando
28/09/2019 18:53:15- There are no suficient arguments
28/09/2019 18:57:19- -------------------------Iniciando
28/09/2019 18:57:19- There are no suficient arguments
28/09/2019 19:12:37- -------------------------Iniciando
28/09/2019 19:12:37- There are no suficient arguments
28/09/2019 19:13:09- -------------------------Iniciando
28/09/2019 19:13:09- There are no suficient arguments
28/09/2019 19:14:56- -------------------------Iniciando
28/09/2019 19:14:56- There are no suficient arguments
28/09/2019 19:17:27- -------------------------Iniciando
28/09/2019 19:17:27- There are no suficient arguments
28/09/2019 19:17:27- There are no suficient arguments. Need a -i 'file in' and -o 'directory out'
28/09/2019 19:17:27- Arquivo de Entrada: 
28/09/2019 19:17:27- Erro na requisição: Referência de objeto não definida para uma instância de um objeto.
28/09/2019 19:17:27- -------------------------Finalizado
28/09/2019 19:18:58- -------------------------Iniciando
28/09/2019 19:18:58- Arquivo de Entrada: [{"ID:": "1178062892354039809", "PERMALINK:": "https://twitter.com/gcLaborista/status/1178062892354039809", "USERNAME:": "gcLaborista", "TEXT:": "You're off your head. You're making absurd leaps across vast tracts of time which have nothing to do with the immediate refugee problems. You always had refugees across Europe. The Irish & Scotswent as refugees or economic refugees to US & Oz. Take some meds.", "DATE:": "28/09/19", "RETWEETS:": 0, "FAVORITES:": 0, "MENTIONS:": "", "HASHTAGS:": "", "GEO:": ""}, {"ID:": "1178060365579485185", "PERMALINK:": "https://twitter.com/Charlyee1110/status/1178060365579485185", "USERNAME:": "Charlyee1110", "TEXT:": "The big problem with them is they don't follow rules but they want respect. This massive refugee movements are very suspicious. First in Europe, now they want to do it in USA. Socialists are the one causing this chaos. Stop dictators around the world causing chaos.", "DATE:": "28/09/19", "RETWEETS:": 0, "FAVORITES:": 0, "MENTIONS:": "", "HASHTAGS:": "", "GEO:": ""}, {"ID:": "1178059792709033993", "PERMALINK:": "https://twitter.com/Trumpduck4/status/1178059792709033993", "USERNAME:": "Trumpduck4", "TEXT:": "They welcoming refugees. Now enjoy.", "DATE:": "28/09/19", "RETWEETS:": 0, "FAVORITES:": 0, "MENTIONS:": "", "HASHTAGS:": "", "GEO:": ""}, {"ID:": "1178059400516440064", "PERMALINK:": "https://twitter.com/Goatys_News/status/1178059400516440064", "USERNAME:": "Goatys_News", "TEXT:": "ALL Meteoalarm Severe #Weather Warnings for #Europe. #REFUGEES #Travel #SevereWx #EUwx #Wx #News https://ift.tt/xP23mF", "DATE:": "28/09/19", "RETWEETS:": 0, "FAVORITES:": 0, "MENTIONS:": "", "HASHTAGS:": "#Weather #Europe #REFUGEES #Travel #SevereWx #EUwx #Wx #News", "GEO:": ""}, {"ID:": "1178055778885701632", "PERMALINK:": "https://twitter.com/007darB/status/1178055778885701632", "USERNAME:": "007darB", "TEXT:": "Pres. Trump has SAVED an ENORMOUS NUMBER of Lives. If HRC was President Mid-East refugees would be Flooding into USA & SOME of them would be committing HORRIFIC Attacks Against Innocent US citizens. If HRC was President ISIS would be THRIVING today & Europe would be IN ANGUISH. pic.twitter.com/PzRaTcb7n5", "DATE:": "28/09/19", "RETWEETS:": 0, "FAVORITES:": 0, "MENTIONS:": "", "HASHTAGS:": "", "GEO:": ""}, {"ID:": "1178069864365182976", "PERMALINK:": "https://twitter.com/gcLaborista/status/1178069864365182976", "USERNAME:": "gcLaborista", "TEXT:": "Sadly it's prefab diarrhea.", "DATE:": "28/09/19", "RETWEETS:": 0, "FAVORITES:": 0, "MENTIONS:": "", "HASHTAGS:": "", "GEO:": ""}, {"ID:": "1178069622832033792", "PERMALINK:": "https://twitter.com/gcLaborista/status/1178069622832033792", "USERNAME:": "gcLaborista", "TEXT:": "Low bar.", "DATE:": "28/09/19", "RETWEETS:": 0, "FAVORITES:": 0, "MENTIONS:": "", "HASHTAGS:": "", "GEO:": ""}, {"ID:": "1178068071690276865", "PERMALINK:": "https://twitter.com/gcLaborista/status/1178068071690276865", "USERNAME:": "gcLaborista", "TEXT:": "The implication is that Labor had something to do with their coming. Nonsense. The dangerous society the vast majority of them lived in forced their departure. Go look at pictures of starving people, at bodies of people shot. Look at towns that seemed bombsites.", "DATE:": "28/09/19", "RETWEETS:": 0, "FAVORITES:": 0, "MENTIONS:": "", "HASHTAGS:": "", "GEO:": ""}, {"ID:": "1178067149543198721", "PERMALINK:": "https://twitter.com/gcLaborista/status/1178067149543198721", "USERNAME:": "gcLaborista", "TEXT:": "The question is stupid. Try a more reasonable one without the implied racist overtones to the logic.", "DATE:": "28/09/19", "RETWEETS:": 0, "FAVORITES:": 0, "MENTIONS:": "", "HASHTAGS:": "", "GEO:": ""}, {"ID:": "1178066383986233344", "PERMALINK:": "https://twitter.com/gcLaborista/status/1178066383986233344", "USERNAME:": "gcLaborista", "TEXT:": "No, I feel embarrassed by the arseholes that lack humanity with their vile reactions to proven good people. You are an embarrassment & I wouldn't want your behaviour publicised in the outside world. Disgusting, the sort of thing that gives Oz a bad name.", "DATE:": "28/09/19", "RETWEETS:": 0, "FAVORITES:": 0, "MENTIONS:": "", "HASHTAGS:": "", "GEO:": ""}, {"ID:": "1178062234548785152", "PERMALINK:": "https://twitter.com/Charlyee1110/status/1178062234548785152", "USERNAME:": "Charlyee1110", "TEXT:": "This people from Islam asked for asylum in Spain and demanded to changed the school menu because they don't eat pork. C'mon, Spanish food dishes are loaded with pork. Why they did emigrate to Spain if that country culture it's so different They should respect or leave.", "DATE:": "28/09/19", "RETWEETS:": 0, "FAVORITES:": 0, "MENTIONS:": "", "HASHTAGS:": "", "GEO:": ""}, {"ID:": "1178060365579485185", "PERMALINK:": "https://twitter.com/Charlyee1110/status/1178060365579485185", "USERNAME:": "Charlyee1110", "TEXT:": "The big problem with them is they don't follow rules but they want respect. This massive refugee movements are very suspicious. First in Europe, now they want to do it in USA. Socialists are the one causing this chaos. Stop dictators around the world causing chaos.", "DATE:": "28/09/19", "RETWEETS:": 0, "FAVORITES:": 0, "MENTIONS:": "", "HASHTAGS:": "", "GEO:": ""}, {"ID:": "1178058387029782528", "PERMALINK:": "https://twitter.com/Charlyee1110/status/1178058387029782528", "USERNAME:": "Charlyee1110", "TEXT:": "Why it's the most expensive gas in America?", "DATE:": "28/09/19", "RETWEETS:": 0, "FAVORITES:": 0, "MENTIONS:": "", "HASHTAGS:": "", "GEO:": ""}, {"ID:": "1178053827099906048", "PERMALINK:": "https://twitter.com/Charlyee1110/status/1178053827099906048", "USERNAME:": "Charlyee1110", "TEXT:": "Usually they have ahouse but because DICTATORS expropriate properties and violate human rights they need to move to other country leaving all his belongings behind. REMOVE DICTATORS that are Causing this problem on the planet. No more communist countries or dictators.", "DATE:": "28/09/19", "RETWEETS:": 0, "FAVORITES:": 0, "MENTIONS:": "", "HASHTAGS:": "", "GEO:": ""}, {"ID:": "1178053073454813184", "PERMALINK:": "https://twitter.com/Charlyee1110/status/1178053073454813184", "USERNAME:": "Charlyee1110", "TEXT:": "Unless Maduro is giving money to this organization. To clean the planet from violation of human rights is to clean the planet from communist/dictator pest. Clean the problem from scratch. No more Foro de S\u00e3o Paulo in Latin America. STOP Maduro, Castro, Ortega, Evo Morales, etc", "DATE:": "28/09/19", "RETWEETS:": 0, "FAVORITES:": 0, "MENTIONS:": "", "HASHTAGS:": "", "GEO:": ""}, {"ID:": "1178059792709033993", "PERMALINK:": "https://twitter.com/Trumpduck4/status/1178059792709033993", "USERNAME:": "Trumpduck4", "TEXT:": "They welcoming refugees. Now enjoy.", "DATE:": "28/09/19", "RETWEETS:": 0, "FAVORITES:": 0, "MENTIONS:": "", "HASHTAGS:": "", "GEO:": ""}, {"ID:": "1178059588031143943", "PERMALINK:": "https://twitter.com/Trumpduck4/status/1178059588031143943", "USERNAME:": "Trumpduck4", "TEXT:": "They following Sweden.", "DATE:": "28/09/19", "RETWEETS:": 0, "FAVORITES:": 0, "MENTIONS:": "", "HASHTAGS:": "", "GEO:": ""}, {"ID:": "1178070716870213633", "PERMALINK:": "https://twitter.com/Goatys_News/status/1178070716870213633", "USERNAME:": "Goatys_News", "TEXT:": "UK #GALE WARNINGS & #Shipping Forecast #Maritime #Fishing #Sailing #Wx #News https://ift.tt/2BQkNOm", "DATE:": "28/09/19", "RETWEETS:": 1, "FAVORITES:": 0, "MENTIONS:": "", "HASHTAGS:": "#GALE #Shipping #Maritime #Fishing #Sailing #Wx #News", "GEO:": ""}, {"ID:": "1178050203749888005", "PERMALINK:": "https://twitter.com/Goatys_News/status/1178050203749888005", "USERNAME:": "Goatys_News", "TEXT:": "#BowDalian/https://twitter.com/Goatys_News/status/1178049099989475331 \u2026", "DATE:": "28/09/19", "RETWEETS:": 0, "FAVORITES:": 0, "MENTIONS:": "", "HASHTAGS:": "#BowDalian", "GEO:": ""}, {"ID:": "1178049425375150081", "PERMALINK:": "https://twitter.com/Goatys_News/status/1178049425375150081", "USERNAME:": "Goatys_News", "TEXT:": "Credit: @ffreedom2025", "DATE:": "28/09/19", "RETWEETS:": 0, "FAVORITES:": 0, "MENTIONS:": "@ffreedom2025", "HASHTAGS:": "", "GEO:": ""}, {"ID:": "1178049268017483777", "PERMALINK:": "https://twitter.com/Goatys_News/status/1178049268017483777", "USERNAME:": "Goatys_News", "TEXT:": "See also:https://twitter.com/803_Gorani/status/1177774562349436928 \u2026", "DATE:": "28/09/19", "RETWEETS:": 0, "FAVORITES:": 0, "MENTIONS:": "", "HASHTAGS:": "", "GEO:": ""}, {"ID:": "1178023999600779265", "PERMALINK:": "https://twitter.com/Goatys_News/status/1178023999600779265", "USERNAME:": "Goatys_News", "TEXT:": "#CROSSAG #Martinique/https://twitter.com/Goatys_News/status/1178022059227697152 \u2026", "DATE:": "28/09/19", "RETWEETS:": 0, "FAVORITES:": 0, "MENTIONS:": "", "HASHTAGS:": "#CROSSAG #Martinique", "GEO:": ""}, {"ID:": "1178060214035046400", "PERMALINK:": "https://twitter.com/007darB/status/1178060214035046400", "USERNAME:": "007darB", "TEXT:": "Europe has become a CESSPOOL of Violence. Again, aside from INNER CITIES, (Take the INNER CITIES out of the equation), &America is Definitely One of the Safest Nations on the World. YOU have BEEN WRONGLY TAUGHT to Bash America as RACIST, BIGOTED & HATEFUL. Now You're Suffering.pic.twitter.com/y5C2rrogxZ", "DATE:": "28/09/19", "RETWEETS:": 0, "FAVORITES:": 0, "MENTIONS:": "", "HASHTAGS:": "", "GEO:": ""}, {"ID:": "1178057193930670081", "PERMALINK:": "https://twitter.com/007darB/status/1178057193930670081", "USERNAME:": "007darB", "TEXT:": "You are DREAMING. CRIME-WISE - Europe has become a CESSPOOL of Muslim Atrocity and it is SO BAD, it's not only Very Under-reported - but you are JAILING People who are trying to do the right thing. THAT is what \"YOU GET\" for Wrongly Bashing America as RACIST, BIGOTED & HATEFUL.", "DATE:": "28/09/19", "RETWEETS:": 0, "FAVORITES:": 0, "MENTIONS:": "", "HASHTAGS:": "", "GEO:": ""}, {"ID:": "1178053955323973632", "PERMALINK:": "https://twitter.com/007darB/status/1178053955323973632", "USERNAME:": "007darB", "TEXT:": "I'm referring to attacks on THE WEST. If all you want to cite is Terror Attacks relevant to Islam throughout the world - just click a few of these tabs. https://www.thereligionofpeace.com/attacks/attacks.aspx?Yr=Last30 \u2026", "DATE:": "28/09/19", "RETWEETS:": 0, "FAVORITES:": 0, "MENTIONS:": "", "HASHTAGS:": "", "GEO:": ""}, {"ID:": "1178052701743017984", "PERMALINK:": "https://twitter.com/007darB/status/1178052701743017984", "USERNAME:": "007darB", "TEXT:": "Nope.", "DATE:": "28/09/19", "RETWEETS:": 0, "FAVORITES:": 0, "MENTIONS:": "", "HASHTAGS:": "", "GEO:": ""}, {"ID:": "1178051517221203968", "PERMALINK:": "https://twitter.com/007darB/status/1178051517221203968", "USERNAME:": "007darB", "TEXT:": "Beto O-Rourke is SO EMBARRASSING people do not even care enough to get offended anymore by his nonsense. Ha,ha!!!!!!!!!!!!!!!!!!!!!!!!!!!!!!!!!!!!!!!!!!!!!!!!!!!!!!!!!!!!!!!!!!!!!!!!!!!!!!!!!!!!!!!!!!!!!!!!!!!!!!!!!!!!!!!!!!!!!!!!!!!!!!!!!!!!!!!!!!!!!!!!!!!!!!!!!!!!!!!!!!!!!!!!!pic.twitter.com/pjSFrfWaSU", "DATE:": "28/09/19", "RETWEETS:": 1, "FAVORITES:": 12, "MENTIONS:": "", "HASHTAGS:": "", "GEO:": ""}]
28/09/2019 19:18:59- Problem on the sentence. Sentence: SELECT 1 FROM RETORNO. Erro: SQL logic error
no such table: RETORNO
28/09/2019 19:18:59- Problem on the sentence. Sentence: SELECT 1 FROM RETORNO. Erro: SQL logic error
no such table: RETORNO
28/09/2019 19:18:59- Problem on the sentence. Sentence: SELECT 1 FROM RETORNO. Erro: SQL logic error
no such table: RETORNO
28/09/2019 19:18:59- Erro no execute: SELECT 1 FROM INCREMENTAIS. Erro: SQL logic error
no such table: INCREMENTAIS
28/09/2019 19:18:59- Erro no execute: SELECT ID FROM RETORNO. Erro: SQL logic error
no such column: ID
28/09/2019 19:19:00- Erro no execute: SELECT PERMALINK FROM RETORNO. Erro: SQL logic error
no such column: PERMALINK
28/09/2019 19:19:00- Erro no execute: SELECT USERNAME FROM RETORNO. Erro: SQL logic error
no such column: USERNAME
28/09/2019 19:19:00- Erro no execute: SELECT TEXT FROM RETORNO. Erro: SQL logic error
no such column: TEXT
28/09/2019 19:19:00- Erro no execute: SELECT DATE FROM RETORNO. Erro: SQL logic error
no such column: DATE
28/09/2019 19:19:01- Erro no execute: SELECT RETWEETS FROM RETORNO. Erro: SQL logic error
no such column: RETWEETS
28/09/2019 19:19:01- Erro no execute: SELECT FAVORITES FROM RETORNO. Erro: SQL logic error
no such column: FAVORITES
28/09/2019 19:19:01- Erro no execute: SELECT MENTIONS FROM RETORNO. Erro: SQL logic error
no such column: MENTIONS
28/09/2019 19:19:01- Erro no execute: SELECT HASHTAGS FROM RETORNO. Erro: SQL logic error
no such column: HASHTAGS
28/09/2019 19:19:01- Erro no execute: SELECT GEO FROM RETORNO. Erro: SQL logic error
no such column: GEO
28/09/2019 19:19:39- Erro no execute: DROP TABLE INCREMENTAIS. Erro: database table is locked
database table is locked
28/09/2019 19:19:39- -------------------------Finalizado
